2024-08-14 10:20:00,000 - INFO - Running scheduled task...
2024-08-14 10:20:00,000 - INFO - Starting main process...
2024-08-14 10:20:00,000 - INFO - Loading and cleaning data...
2024-08-14 10:20:01,444 - INFO - Saving cleaned data back to the Excel file...
2024-08-14 10:20:05,929 - INFO - Data cleaning complete.
2024-08-14 10:20:05,931 - INFO - Aggregating data...
2024-08-14 10:20:05,938 - INFO - Data aggregation complete.
2024-08-14 10:20:05,938 - INFO - Visualizing data...
2024-08-14 10:20:12,529 - INFO - Visualization complete.
2024-08-14 10:20:12,529 - INFO - Data processing and visualization complete.
2024-08-14 10:25:00,000 - INFO - Running scheduled task...
2024-08-14 10:25:00,001 - INFO - Starting main process...
2024-08-14 10:25:00,002 - INFO - Loading and cleaning data...
2024-08-14 10:25:12,497 - INFO - Saving cleaned data back to the Excel file...
2024-08-14 10:25:49,463 - INFO - Data cleaning complete.
2024-08-14 10:25:49,467 - INFO - Aggregating data...
2024-08-14 10:25:49,502 - INFO - Data aggregation complete.
2024-08-14 10:25:49,503 - INFO - Visualizing data...
2024-08-14 10:26:35,518 - INFO - Visualization complete.
2024-08-14 10:26:35,519 - INFO - Data processing and visualization complete.
2024-08-14 10:28:00,000 - INFO - Running scheduled task...
2024-08-14 10:28:00,002 - INFO - Starting main process...
2024-08-14 10:28:00,003 - INFO - Loading and cleaning data...
2024-08-14 10:28:10,149 - INFO - Saving cleaned data back to the Excel file...
2024-08-14 10:28:39,039 - INFO - Data cleaning complete.
2024-08-14 10:28:39,044 - INFO - Aggregating data...
2024-08-14 10:28:39,070 - INFO - Data aggregation complete.
2024-08-14 10:28:39,070 - INFO - Visualizing data...
2024-08-14 10:28:52,353 - INFO - Visualization complete.
2024-08-14 10:28:52,354 - INFO - Data processing and visualization complete.
2024-08-14 10:38:14,555 - INFO - Running scheduled task...
2024-08-14 10:38:14,555 - INFO - Starting main process...
2024-08-14 10:38:14,555 - INFO - Loading and cleaning data...
2024-08-14 10:38:15,762 - INFO - Saving cleaned data back to the Excel file...
2024-08-14 10:38:19,129 - INFO - Data cleaning complete.
2024-08-14 10:38:19,129 - INFO - Aggregating data...
2024-08-14 10:38:19,135 - INFO - Data aggregation complete.
2024-08-14 10:38:19,135 - INFO - Visualizing data...
2024-08-14 10:38:33,070 - INFO - Visualization complete.
2024-08-14 10:38:33,071 - INFO - Data processing and visualization complete.
2024-08-14 10:46:15,603 - INFO - Running scheduled task...
2024-08-14 10:46:15,603 - INFO - Starting main process...
2024-08-14 10:46:15,603 - INFO - Loading and cleaning data...
2024-08-14 10:46:16,730 - INFO - Saving cleaned data back to the Excel file...
2024-08-14 10:46:20,064 - INFO - Data cleaning complete.
2024-08-14 10:46:20,064 - INFO - Aggregating data...
2024-08-14 10:46:20,067 - INFO - Data aggregation complete.
2024-08-14 10:46:20,067 - INFO - Visualizing data...
2024-08-14 10:46:25,470 - INFO - Visualization complete.
2024-08-14 10:46:25,470 - INFO - Data processing and visualization complete.
2024-08-14 12:45:15,774 - INFO - Running scheduled task...
2024-08-14 12:45:15,774 - INFO - Starting main process...
2024-08-14 12:45:15,774 - INFO - Loading and cleaning data...
2024-08-14 12:45:17,051 - INFO - Saving cleaned data back to the Excel file...
2024-08-14 12:45:20,055 - INFO - Data cleaning complete.
2024-08-14 12:45:20,056 - INFO - Aggregating data...
2024-08-14 12:45:20,072 - INFO - Data aggregation complete.
2024-08-14 12:45:20,072 - INFO - Visualizing data...
2024-08-14 12:45:54,632 - INFO - Visualization complete.
2024-08-14 12:45:54,632 - INFO - Data processing and visualization complete.
2024-08-20 14:50:17,910 - INFO - Running scheduled task...
2024-08-20 14:50:17,912 - INFO - Starting main process...
2024-08-20 14:50:17,912 - INFO - Loading and cleaning data...
2024-08-20 14:50:19,100 - INFO - Saving cleaned data back to the Excel file...
2024-08-20 14:50:21,846 - INFO - Data cleaning complete.
2024-08-20 14:50:21,846 - INFO - Aggregating data...
2024-08-20 14:50:21,858 - INFO - Data aggregation complete.
2024-08-20 14:50:21,858 - INFO - Visualizing data...
2024-08-20 14:54:56,134 - INFO - Visualization complete.
2024-08-20 14:54:56,134 - INFO - Data processing and visualization complete.
2024-08-22 09:13:03,776 - INFO - Running scheduled task...
2024-08-22 09:13:03,778 - INFO - Starting main process...
2024-08-22 09:13:03,778 - INFO - Loading and cleaning data...
2024-08-22 09:13:04,769 - INFO - Saving cleaned data back to the Excel file...
2024-08-22 09:13:07,707 - INFO - Data cleaning complete.
2024-08-22 09:13:07,708 - INFO - Aggregating data...
2024-08-22 09:13:07,717 - INFO - Data aggregation complete.
2024-08-22 09:13:07,718 - INFO - Visualizing data...
2024-08-22 09:13:29,647 - INFO - Visualization complete.
2024-08-22 09:13:29,648 - INFO - Data processing and visualization complete.
2024-08-22 11:21:23,019 - INFO - Running scheduled task...
2024-08-22 11:21:23,019 - INFO - Starting main process...
2024-08-22 11:21:23,019 - INFO - Loading and cleaning data...
2024-08-22 11:21:24,146 - INFO - Saving cleaned data back to the Excel file...
2024-08-22 11:21:27,096 - INFO - Data cleaning complete.
2024-08-22 11:21:27,096 - INFO - Aggregating data...
2024-08-22 11:21:27,102 - INFO - Data aggregation complete.
2024-08-22 11:21:27,102 - INFO - Visualizing data...
2024-08-22 11:22:10,763 - INFO - Visualization complete.
2024-08-22 11:22:10,763 - INFO - Data processing and visualization complete.
2024-08-22 12:08:15,037 - INFO - Running scheduled task...
2024-08-22 12:08:15,037 - INFO - Starting main process...
2024-08-22 12:08:15,037 - INFO - Loading and cleaning data...
2024-08-22 12:08:15,981 - INFO - Saving cleaned data back to the Excel file...
2024-08-22 12:08:18,565 - INFO - Data cleaning complete.
2024-08-22 12:08:18,565 - INFO - Aggregating data...
2024-08-22 12:08:18,572 - INFO - Data aggregation complete.
2024-08-22 12:08:18,572 - INFO - Visualizing data...
2024-08-22 12:08:42,221 - INFO - Visualization complete.
2024-08-22 12:08:42,221 - INFO - Data processing and visualization complete.
2024-08-29 12:07:25,202 - INFO - Running scheduled task...
2024-08-29 12:07:25,203 - INFO - Starting main process...
2024-08-29 12:07:25,203 - INFO - Loading and cleaning data...
2024-08-29 12:07:26,289 - INFO - Saving cleaned data back to the Excel file...
2024-08-29 12:07:28,887 - INFO - Data cleaning complete.
2024-08-29 12:07:28,887 - INFO - Aggregating data...
2024-08-29 12:07:28,897 - INFO - Data aggregation complete.
2024-08-29 12:07:28,897 - INFO - Visualizing data...
2024-08-29 12:11:43,097 - INFO - Visualization complete.
2024-08-29 12:11:43,097 - INFO - Data processing and visualization complete.
2024-09-12 09:12:03,897 - INFO - Running scheduled task...
2024-09-12 09:12:03,898 - INFO - Starting main process...
2024-09-12 09:12:03,899 - INFO - Loading and cleaning data...
2024-09-12 09:12:05,100 - INFO - Saving cleaned data back to the Excel file...
2024-09-12 09:12:07,880 - INFO - Data cleaning complete.
2024-09-12 09:12:07,881 - INFO - Aggregating data...
2024-09-12 09:12:07,891 - INFO - Data aggregation complete.
2024-09-12 09:12:07,892 - INFO - Visualizing data...
2024-10-18 10:54:04,672 - INFO - Running scheduled task...
2024-10-18 10:54:04,673 - INFO - Starting main process...
2024-10-18 10:54:04,674 - INFO - Loading and cleaning data...
2024-10-18 10:54:05,788 - INFO - Saving cleaned data back to the Excel file...
2024-10-18 10:54:08,576 - INFO - Data cleaning complete.
2024-10-18 10:54:08,576 - INFO - Aggregating data...
2024-10-18 10:54:08,585 - INFO - Data aggregation complete.
2024-10-18 10:54:08,585 - INFO - Visualizing data...
2024-10-18 10:55:54,012 - INFO - Visualization complete.
2024-10-18 10:55:54,012 - INFO - Data processing and visualization complete.
2024-10-22 20:27:03,376 - INFO - Running scheduled task...
2024-10-22 20:27:03,399 - INFO - Starting main process...
2024-10-22 20:27:03,399 - INFO - Loading and cleaning data...
2024-10-22 20:27:03,443 - ERROR - Error in load_and_clean_data: Missing optional dependency 'openpyxl'.  Use pip or conda to install openpyxl.
2024-10-22 20:27:03,443 - ERROR - Error in main function: Missing optional dependency 'openpyxl'.  Use pip or conda to install openpyxl.
2024-10-22 20:30:20,460 - INFO - Running scheduled task...
2024-10-22 20:30:20,462 - INFO - Starting main process...
2024-10-22 20:30:20,462 - INFO - Loading and cleaning data...
2024-10-22 20:30:21,133 - INFO - Saving cleaned data back to the Excel file...
2024-10-22 20:30:23,918 - INFO - Data cleaning complete.
2024-10-22 20:30:23,918 - INFO - Aggregating data...
2024-10-22 20:30:23,931 - INFO - Data aggregation complete.
2024-10-22 20:30:23,931 - INFO - Visualizing data...
2024-10-22 20:30:29,505 - INFO - Visualization complete.
2024-10-22 20:30:29,506 - INFO - Data processing and visualization complete.
2024-10-22 20:33:01,055 - INFO - Running scheduled task...
2024-10-22 20:33:01,055 - INFO - Starting main process...
2024-10-22 20:33:01,055 - INFO - Loading and cleaning data...
2024-10-22 20:33:02,034 - INFO - Saving cleaned data back to the Excel file...
2024-10-22 20:33:04,495 - INFO - Data cleaning complete.
2024-10-22 20:33:04,495 - INFO - Aggregating data...
2024-10-22 20:33:04,499 - INFO - Data aggregation complete.
2024-10-22 20:33:04,499 - INFO - Visualizing data...
2024-10-22 20:33:09,206 - INFO - Visualization complete.
2024-10-22 20:33:09,207 - INFO - Data processing and visualization complete.
